<?xml version="1.0" encoding="UTF-8"?>
<testsuite name="Sign up to Utest.com platform" tests="1" skipped="0" failures="1" errors="0" timestamp="2022-10-24T02:39:40" hostname="DESKTOP-A3GMPVO" time="39.738">
  <properties/>
  <testcase name="Fill my personal information to create an account" classname="Sign up to Utest.com platform" time="39.738">
    <failure message="net.thucydides.core.webdriver.exceptions.ElementShouldBeEnabledException: Expected enabled element was not enabled" type="net.thucydides.core.webdriver.exceptions.ElementShouldBeEnabledException">net.thucydides.core.webdriver.exceptions.ElementShouldBeEnabledException: Expected enabled element was not enabled
	at net.serenitybdd.core.pages.WebElementFacadeImpl.waitUntilEnabled(WebElementFacadeImpl.java:1149)
	at net.serenitybdd.core.pages.WebElementFacadeImpl.waitUntilElementAvailable(WebElementFacadeImpl.java:954)
	at net.serenitybdd.core.pages.WebElementFacadeImpl.click(WebElementFacadeImpl.java:1229)
	at net.serenitybdd.screenplay.actions.ClickOnTarget.performAs(ClickOnTarget.java:13)
	at net.serenitybdd.screenplay.actions.ClickOnTarget$ByteBuddy$Qt1MTxGO.performAs$accessor$2PwbU5JI(Unknown Source)
	at sun.reflect.NativeMethodAccessorImpl.invoke0(Native Method)
	at sun.reflect.NativeMethodAccessorImpl.invoke(NativeMethodAccessorImpl.java:62)
	at sun.reflect.DelegatingMethodAccessorImpl.invoke(DelegatingMethodAccessorImpl.java:43)
	at java.lang.reflect.Method.invoke(Method.java:498)
	at net.thucydides.core.steps.StepInterceptor.invokeMethod(StepInterceptor.java:471)
	at net.thucydides.core.steps.StepInterceptor.executeTestStepMethod(StepInterceptor.java:451)
	at net.thucydides.core.steps.StepInterceptor.runTestStep(StepInterceptor.java:424)
	at net.thucydides.core.steps.StepInterceptor.runOrSkipMethod(StepInterceptor.java:180)
	at net.thucydides.core.steps.StepInterceptor.testStepResult(StepInterceptor.java:167)
	at net.thucydides.core.steps.StepInterceptor.intercept(StepInterceptor.java:75)
	at net.serenitybdd.screenplay.actions.ClickOnTarget$ByteBuddy$Qt1MTxGO.performAs(Unknown Source)
	at net.serenitybdd.screenplay.Actor.performTask(Actor.java:233)
	at net.serenitybdd.screenplay.Actor.perform(Actor.java:214)
	at net.serenitybdd.screenplay.Actor.attemptsTo(Actor.java:171)
	at co.com.choucair.certification.utest.tasks.JoinToday.performAs(JoinToday.java:32)
	at co.com.choucair.certification.utest.tasks.JoinToday$ByteBuddy$0NqI5UvF.performAs$accessor$Gv8zuGRR(Unknown Source)
	at sun.reflect.NativeMethodAccessorImpl.invoke0(Native Method)
	at sun.reflect.NativeMethodAccessorImpl.invoke(NativeMethodAccessorImpl.java:62)
	at sun.reflect.DelegatingMethodAccessorImpl.invoke(DelegatingMethodAccessorImpl.java:43)
	at java.lang.reflect.Method.invoke(Method.java:498)
	at net.thucydides.core.steps.StepInterceptor.invokeMethod(StepInterceptor.java:471)
	at net.thucydides.core.steps.StepInterceptor.executeTestStepMethod(StepInterceptor.java:451)
	at net.thucydides.core.steps.StepInterceptor.runTestStep(StepInterceptor.java:424)
	at net.thucydides.core.steps.StepInterceptor.runOrSkipMethod(StepInterceptor.java:180)
	at net.thucydides.core.steps.StepInterceptor.testStepResult(StepInterceptor.java:167)
	at net.thucydides.core.steps.StepInterceptor.intercept(StepInterceptor.java:75)
	at co.com.choucair.certification.utest.tasks.JoinToday$ByteBuddy$0NqI5UvF.performAs(Unknown Source)
	at net.serenitybdd.screenplay.Actor.performTask(Actor.java:233)
	at net.serenitybdd.screenplay.Actor.perform(Actor.java:214)
	at net.serenitybdd.screenplay.Actor.attemptsTo(Actor.java:171)
	at co.com.choucair.certification.utest.stepdefinitions.UtestStepDefinition.iEnterMyPersonalInformationInTheRegistrationForm(UtestStepDefinition.java:32)
	at ✽.I enter my personal information in the registration form(src/test/resources/features/uTest.feature:8)
Caused by: org.openqa.selenium.TimeoutException: Expected condition failed: waiting for By.xpath: /html/body/ui-view/main/section/div/div[2]/div/div[2]/div/div[1]/div[3]/div[1]/div[1]/div[2]/div/div[1]/span to be enabled (tried for 5 second(s) with 100 milliseconds interval)
	at org.openqa.selenium.support.ui.FluentWait.timeoutException(FluentWait.java:304)
	at org.openqa.selenium.support.ui.FluentWait.until(FluentWait.java:272)
	at net.serenitybdd.core.pages.WebElementFacadeImpl.waitUntilEnabled(WebElementFacadeImpl.java:1146)
	at net.serenitybdd.core.pages.WebElementFacadeImpl.waitUntilElementAvailable(WebElementFacadeImpl.java:954)
	at net.serenitybdd.core.pages.WebElementFacadeImpl.click(WebElementFacadeImpl.java:1229)
	at net.serenitybdd.screenplay.actions.ClickOnTarget.performAs(ClickOnTarget.java:13)
	at net.serenitybdd.screenplay.actions.ClickOnTarget$ByteBuddy$Qt1MTxGO.performAs$accessor$2PwbU5JI(Unknown Source)
	at sun.reflect.NativeMethodAccessorImpl.invoke0(Native Method)
	at sun.reflect.NativeMethodAccessorImpl.invoke(NativeMethodAccessorImpl.java:62)
	at sun.reflect.DelegatingMethodAccessorImpl.invoke(DelegatingMethodAccessorImpl.java:43)
	at java.lang.reflect.Method.invoke(Method.java:498)
	at net.thucydides.core.steps.StepInterceptor.invokeMethod(StepInterceptor.java:471)
	at net.thucydides.core.steps.StepInterceptor.executeTestStepMethod(StepInterceptor.java:451)
	at net.thucydides.core.steps.StepInterceptor.runTestStep(StepInterceptor.java:424)
	at net.thucydides.core.steps.StepInterceptor.runOrSkipMethod(StepInterceptor.java:180)
	at net.thucydides.core.steps.StepInterceptor.testStepResult(StepInterceptor.java:167)
	at net.thucydides.core.steps.StepInterceptor.intercept(StepInterceptor.java:75)
	at net.serenitybdd.screenplay.actions.ClickOnTarget$ByteBuddy$Qt1MTxGO.performAs(Unknown Source)
	at net.serenitybdd.screenplay.Actor.performTask(Actor.java:233)
	at net.serenitybdd.screenplay.Actor.perform(Actor.java:214)
	at net.serenitybdd.screenplay.Actor.attemptsTo(Actor.java:171)
	at co.com.choucair.certification.utest.tasks.JoinToday.performAs(JoinToday.java:32)
	at co.com.choucair.certification.utest.tasks.JoinToday$ByteBuddy$0NqI5UvF.performAs$accessor$Gv8zuGRR(Unknown Source)
	at sun.reflect.NativeMethodAccessorImpl.invoke0(Native Method)
	at sun.reflect.NativeMethodAccessorImpl.invoke(NativeMethodAccessorImpl.java:62)
	at sun.reflect.DelegatingMethodAccessorImpl.invoke(DelegatingMethodAccessorImpl.java:43)
	at java.lang.reflect.Method.invoke(Method.java:498)
	at net.thucydides.core.steps.StepInterceptor.invokeMethod(StepInterceptor.java:471)
	at net.thucydides.core.steps.StepInterceptor.executeTestStepMethod(StepInterceptor.java:451)
	at net.thucydides.core.steps.StepInterceptor.runTestStep(StepInterceptor.java:424)
	at net.thucydides.core.steps.StepInterceptor.runOrSkipMethod(StepInterceptor.java:180)
	at net.thucydides.core.steps.StepInterceptor.testStepResult(StepInterceptor.java:167)
	at net.thucydides.core.steps.StepInterceptor.intercept(StepInterceptor.java:75)
	at co.com.choucair.certification.utest.tasks.JoinToday$ByteBuddy$0NqI5UvF.performAs(Unknown Source)
	at net.serenitybdd.screenplay.Actor.performTask(Actor.java:233)
	at net.serenitybdd.screenplay.Actor.perform(Actor.java:214)
	at net.serenitybdd.screenplay.Actor.attemptsTo(Actor.java:171)
	at co.com.choucair.certification.utest.stepdefinitions.UtestStepDefinition.iEnterMyPersonalInformationInTheRegistrationForm(UtestStepDefinition.java:32)
	at sun.reflect.NativeMethodAccessorImpl.invoke0(Native Method)
	at sun.reflect.NativeMethodAccessorImpl.invoke(NativeMethodAccessorImpl.java:62)
	at sun.reflect.DelegatingMethodAccessorImpl.invoke(DelegatingMethodAccessorImpl.java:43)
	at java.lang.reflect.Method.invoke(Method.java:498)
	at cucumber.runtime.Utils$1.call(Utils.java:31)
	at cucumber.runtime.Timeout.timeout(Timeout.java:16)
	at cucumber.runtime.Utils.invoke(Utils.java:25)
	at cucumber.runtime.java.JavaStepDefinition.execute(JavaStepDefinition.java:37)
	at cucumber.runtime.StepDefinitionMatch.runStep(StepDefinitionMatch.java:40)
	at cucumber.api.TestStep.executeStep(TestStep.java:102)
	at cucumber.api.TestStep.run(TestStep.java:83)
	at cucumber.api.TestCase.run(TestCase.java:58)
	at cucumber.runner.Runner.runPickle(Runner.java:80)
	at cucumber.runtime.junit.PickleRunners$NoStepDescriptions.run(PickleRunners.java:140)
	at cucumber.runtime.junit.FeatureRunner.runChild(FeatureRunner.java:68)
	at cucumber.runtime.junit.FeatureRunner.runChild(FeatureRunner.java:23)
	at org.junit.runners.ParentRunner$3.run(ParentRunner.java:290)
	at org.junit.runners.ParentRunner$1.schedule(ParentRunner.java:71)
	at org.junit.runners.ParentRunner.runChildren(ParentRunner.java:288)
	at org.junit.runners.ParentRunner.access$000(ParentRunner.java:58)
	at org.junit.runners.ParentRunner$2.evaluate(ParentRunner.java:268)
	at org.junit.runners.ParentRunner.run(ParentRunner.java:363)
	at cucumber.runtime.junit.FeatureRunner.run(FeatureRunner.java:73)
	at cucumber.api.junit.Cucumber.runChild(Cucumber.java:118)
	at cucumber.api.junit.Cucumber.runChild(Cucumber.java:56)
	at org.junit.runners.ParentRunner$3.run(ParentRunner.java:290)
	at org.junit.runners.ParentRunner$1.schedule(ParentRunner.java:71)
	at org.junit.runners.ParentRunner.runChildren(ParentRunner.java:288)
	at org.junit.runners.ParentRunner.access$000(ParentRunner.java:58)
	at org.junit.runners.ParentRunner$2.evaluate(ParentRunner.java:268)
	at cucumber.api.junit.Cucumber$1.evaluate(Cucumber.java:127)
	at org.junit.runners.ParentRunner.run(ParentRunner.java:363)
	at org.gradle.api.internal.tasks.testing.junit.JUnitTestClassExecutor.runTestClass(JUnitTestClassExecutor.java:110)
	at org.gradle.api.internal.tasks.testing.junit.JUnitTestClassExecutor.execute(JUnitTestClassExecutor.java:58)
	at org.gradle.api.internal.tasks.testing.junit.JUnitTestClassExecutor.execute(JUnitTestClassExecutor.java:38)
	at org.gradle.api.internal.tasks.testing.junit.AbstractJUnitTestClassProcessor.processTestClass(AbstractJUnitTestClassProcessor.java:62)
	at org.gradle.api.internal.tasks.testing.SuiteTestClassProcessor.processTestClass(SuiteTestClassProcessor.java:51)
	at sun.reflect.NativeMethodAccessorImpl.invoke0(Native Method)
	at sun.reflect.NativeMethodAccessorImpl.invoke(NativeMethodAccessorImpl.java:62)
	at sun.reflect.DelegatingMethodAccessorImpl.invoke(DelegatingMethodAccessorImpl.java:43)
	at java.lang.reflect.Method.invoke(Method.java:498)
	at org.gradle.internal.dispatch.ReflectionDispatch.dispatch(ReflectionDispatch.java:35)
	at org.gradle.internal.dispatch.ReflectionDispatch.dispatch(ReflectionDispatch.java:24)
	at org.gradle.internal.dispatch.ContextClassLoaderDispatch.dispatch(ContextClassLoaderDispatch.java:32)
	at org.gradle.internal.dispatch.ProxyDispatchAdapter$DispatchingInvocationHandler.invoke(ProxyDispatchAdapter.java:93)
	at com.sun.proxy.$Proxy2.processTestClass(Unknown Source)
	at org.gradle.api.internal.tasks.testing.worker.TestWorker.processTestClass(TestWorker.java:118)
	at sun.reflect.NativeMethodAccessorImpl.invoke0(Native Method)
	at sun.reflect.NativeMethodAccessorImpl.invoke(NativeMethodAccessorImpl.java:62)
	at sun.reflect.DelegatingMethodAccessorImpl.invoke(DelegatingMethodAccessorImpl.java:43)
	at java.lang.reflect.Method.invoke(Method.java:498)
	at org.gradle.internal.dispatch.ReflectionDispatch.dispatch(ReflectionDispatch.java:35)
	at org.gradle.internal.dispatch.ReflectionDispatch.dispatch(ReflectionDispatch.java:24)
	at org.gradle.internal.remote.internal.hub.MessageHubBackedObjectConnection$DispatchWrapper.dispatch(MessageHubBackedObjectConnection.java:175)
	at org.gradle.internal.remote.internal.hub.MessageHubBackedObjectConnection$DispatchWrapper.dispatch(MessageHubBackedObjectConnection.java:157)
	at org.gradle.internal.remote.internal.hub.MessageHub$Handler.run(MessageHub.java:404)
	at org.gradle.internal.concurrent.ExecutorPolicy$CatchAndRecordFailures.onExecute(ExecutorPolicy.java:63)
	at org.gradle.internal.concurrent.ManagedExecutorImpl$1.run(ManagedExecutorImpl.java:46)
	at java.util.concurrent.ThreadPoolExecutor.runWorker(ThreadPoolExecutor.java:1149)
	at java.util.concurrent.ThreadPoolExecutor$Worker.run(ThreadPoolExecutor.java:624)
	at org.gradle.internal.concurrent.ThreadFactoryImpl$ManagedThreadRunnable.run(ThreadFactoryImpl.java:55)
	at java.lang.Thread.run(Thread.java:748)
Caused by: org.openqa.selenium.NoSuchElementException: no such element: Unable to locate element: {&quot;method&quot;:&quot;xpath&quot;,&quot;selector&quot;:&quot;/html/body/ui-view/main/section/div/div[2]/div/div[2]/div/div[1]/div[3]/div[1]/div[1]/div[2]/div/div[1]/span&quot;}
  (Session info: chrome=106.0.5249.119)
For documentation on this error, please visit: https://www.seleniumhq.org/exceptions/no_such_element.html
Build info: version: '3.141.59', revision: 'e82be7d358', time: '2018-11-14T08:17:03'
System info: host: 'DESKTOP-A3GMPVO', ip: '192.168.101.4', os.name: 'Windows 10', os.arch: 'amd64', os.version: '10.0', java.version: '1.8.0_211'
Driver info: org.openqa.selenium.chrome.ChromeDriver
Capabilities {acceptInsecureCerts: false, browserName: chrome, browserVersion: 106.0.5249.119, chrome: {chromedriverVersion: 106.0.5249.61 (511755355844..., userDataDir: C:\Users\PAULA\AppData\Loca...}, goog:chromeOptions: {debuggerAddress: localhost:53102}, javascriptEnabled: true, networkConnectionEnabled: false, pageLoadStrategy: normal, platform: WINDOWS, platformName: WINDOWS, proxy: Proxy(), setWindowRect: true, strictFileInteractability: false, timeouts: {implicit: 0, pageLoad: 300000, script: 30000}, unhandledPromptBehavior: dismiss and notify, webauthn:extension:credBlob: true, webauthn:extension:largeBlob: true, webauthn:virtualAuthenticators: true}
Session ID: c1fad88dc593938da285889a2f4f1532
*** Element info: {Using=xpath, value=/html/body/ui-view/main/section/div/div[2]/div/div[2]/div/div[1]/div[3]/div[1]/div[1]/div[2]/div/div[1]/span}
	at sun.reflect.NativeConstructorAccessorImpl.newInstance0(Native Method)
	at sun.reflect.NativeConstructorAccessorImpl.newInstance(NativeConstructorAccessorImpl.java:62)
	at sun.reflect.DelegatingConstructorAccessorImpl.newInstance(DelegatingConstructorAccessorImpl.java:45)
	at java.lang.reflect.Constructor.newInstance(Constructor.java:423)
	at org.openqa.selenium.remote.http.W3CHttpResponseCodec.createException(W3CHttpResponseCodec.java:187)
	at org.openqa.selenium.remote.http.W3CHttpResponseCodec.decode(W3CHttpResponseCodec.java:122)
	at org.openqa.selenium.remote.http.W3CHttpResponseCodec.decode(W3CHttpResponseCodec.java:49)
	at org.openqa.selenium.remote.HttpCommandExecutor.execute(HttpCommandExecutor.java:158)
	at org.openqa.selenium.remote.service.DriverCommandExecutor.execute(DriverCommandExecutor.java:83)
	at org.openqa.selenium.remote.RemoteWebDriver.execute(RemoteWebDriver.java:552)
	at org.openqa.selenium.remote.RemoteWebDriver.findElement(RemoteWebDriver.java:323)
	at org.openqa.selenium.remote.RemoteWebDriver.findElementByXPath(RemoteWebDriver.java:428)
	at org.openqa.selenium.By$ByXPath.findElement(By.java:353)
	at org.openqa.selenium.remote.RemoteWebDriver.findElement(RemoteWebDriver.java:315)
	at net.thucydides.core.webdriver.WebDriverFacade.findElement(WebDriverFacade.java:222)
	at net.serenitybdd.core.pages.WebElementResolverByLocator.resolveForDriver(WebElementResolverByLocator.java:18)
	at net.serenitybdd.core.pages.WebElementFacadeImpl.getElement(WebElementFacadeImpl.java:221)
	at net.serenitybdd.core.pages.WebElementExpectations$3.apply(WebElementExpectations.java:63)
	at net.serenitybdd.core.pages.WebElementExpectations$3.apply(WebElementExpectations.java:55)
	at org.openqa.selenium.support.ui.FluentWait.until(FluentWait.java:249)
	... 98 more
</failure>
  </testcase>
  <system-out><![CDATA[]]></system-out>
  <system-err><![CDATA[[Test worker] WARN net.thucydides.core.steps.BaseStepListener - stepStarted: net.thucydides.core.steps.ExecutedStepDescription@10ec23b2
[Test worker] WARN net.thucydides.core.steps.BaseStepListener - stepStarted: net.thucydides.core.steps.ExecutedStepDescription@5c8eb3a6
[Test worker] WARN net.thucydides.core.steps.BaseStepListener - stepStarted: net.thucydides.core.steps.ExecutedStepDescription@38dca1d7
oct 23, 2022 9:39:41 PM org.openqa.selenium.remote.DesiredCapabilities chrome
INFORMACIÓN: Using `new ChromeOptions()` is preferred to `DesiredCapabilities.chrome()`
[Test worker] INFO net.serenitybdd.core.webdriver.driverproviders.ProvideNewDriver - Instantiating driver
[Test worker] INFO net.serenitybdd.core.webdriver.driverproviders.ProvideNewDriver - Driver capabilities: Capabilities {acceptInsecureCerts: false, browserName: chrome, chrome.switches: --start-maximized, goog:chromeOptions: {args: [--start-maximized], extensions: []}, loggingPrefs: org.openqa.selenium.logging..., platform: ANY, version: }
Starting ChromeDriver 106.0.5249.61 (511755355844955cd3e264779baf0dd38212a4d0-refs/branch-heads/5249@{#569}) on port 41778
Only local connections are allowed.
Please see https://chromedriver.chromium.org/security-considerations for suggestions on keeping ChromeDriver safe.
ChromeDriver was started successfully.
oct 23, 2022 9:39:46 PM org.openqa.selenium.remote.ProtocolHandshake createSession
INFORMACIÓN: Detected dialect: W3C
[Test worker] WARN net.thucydides.core.steps.BaseStepListener - stepFinished: current outcome:Fill my personal information to create an account:Example: {strName=Eduardo, strLastName=Rincón, strEmail=edorincon@gmail.com, strPassword=Eduardo2022*, strConfirmPassword=Eduardo2022*, strVerify=Welcome to the world's largest community of freelance software testers!} [Given than I want to learn testing at the platform Utest [User open up [user opens the Open utest page]]]
[Test worker] WARN net.thucydides.core.steps.BaseStepListener - stepFinished: current outcome:Fill my personal information to create an account:Example: {strName=Eduardo, strLastName=Rincón, strEmail=edorincon@gmail.com, strPassword=Eduardo2022*, strConfirmPassword=Eduardo2022*, strVerify=Welcome to the world's largest community of freelance software testers!} [Given than I want to learn testing at the platform Utest [User open up [user opens the Open utest page]]]
[Test worker] WARN net.thucydides.core.steps.BaseStepListener - stepFinished: current outcome:Fill my personal information to create an account:Example: {strName=Eduardo, strLastName=Rincón, strEmail=edorincon@gmail.com, strPassword=Eduardo2022*, strConfirmPassword=Eduardo2022*, strVerify=Welcome to the world's largest community of freelance software testers!} [Given than I want to learn testing at the platform Utest [User open up [user opens the Open utest page]]]
[Test worker] WARN net.thucydides.core.steps.BaseStepListener - stepStarted: net.thucydides.core.steps.ExecutedStepDescription@bfc156a
[Test worker] WARN net.thucydides.core.steps.BaseStepListener - stepStarted: net.thucydides.core.steps.ExecutedStepDescription@3cdd477a
[Test worker] WARN net.thucydides.core.steps.BaseStepListener - stepStarted: net.thucydides.core.steps.ExecutedStepDescription@7a449fa2
[Test worker] WARN net.thucydides.core.steps.BaseStepListener - stepFinished: current outcome:Fill my personal information to create an account:Example: {strName=Eduardo, strLastName=Rincón, strEmail=edorincon@gmail.com, strPassword=Eduardo2022*, strConfirmPassword=Eduardo2022*, strVerify=Welcome to the world's largest community of freelance software testers!} [Given than I want to learn testing at the platform Utest [User open up [user opens the Open utest page]], When I enter my personal information in the registration form
| strName | strLastName | strEmail | strPassword | strConfirmPassword |
| Eduardo | Rincón | edorincon@gmail.com | Eduardo2022* | Eduardo2022* | [User join today [user clicks on Button the registration]]]
[Test worker] WARN net.thucydides.core.steps.BaseStepListener - stepStarted: net.thucydides.core.steps.ExecutedStepDescription@3ba015e5
[Test worker] WARN net.thucydides.core.steps.BaseStepListener - stepFinished: current outcome:Fill my personal information to create an account:Example: {strName=Eduardo, strLastName=Rincón, strEmail=edorincon@gmail.com, strPassword=Eduardo2022*, strConfirmPassword=Eduardo2022*, strVerify=Welcome to the world's largest community of freelance software testers!} [Given than I want to learn testing at the platform Utest [User open up [user opens the Open utest page]], When I enter my personal information in the registration form
| strName | strLastName | strEmail | strPassword | strConfirmPassword |
| Eduardo | Rincón | edorincon@gmail.com | Eduardo2022* | Eduardo2022* | [User join today [user clicks on Button the registration, user enters 'Eduardo' into write the name]]]
[Test worker] WARN net.thucydides.core.steps.BaseStepListener - stepStarted: net.thucydides.core.steps.ExecutedStepDescription@21166166
[Test worker] WARN net.thucydides.core.steps.BaseStepListener - stepFinished: current outcome:Fill my personal information to create an account:Example: {strName=Eduardo, strLastName=Rincón, strEmail=edorincon@gmail.com, strPassword=Eduardo2022*, strConfirmPassword=Eduardo2022*, strVerify=Welcome to the world's largest community of freelance software testers!} [Given than I want to learn testing at the platform Utest [User open up [user opens the Open utest page]], When I enter my personal information in the registration form
| strName | strLastName | strEmail | strPassword | strConfirmPassword |
| Eduardo | Rincón | edorincon@gmail.com | Eduardo2022* | Eduardo2022* | [User join today [user clicks on Button the registration, user enters 'Eduardo' into write the name, user enters 'Rincón' into write the last name]]]
[Test worker] WARN net.thucydides.core.steps.BaseStepListener - stepStarted: net.thucydides.core.steps.ExecutedStepDescription@10c9b07e
[Test worker] WARN net.thucydides.core.steps.BaseStepListener - stepFinished: current outcome:Fill my personal information to create an account:Example: {strName=Eduardo, strLastName=Rincón, strEmail=edorincon@gmail.com, strPassword=Eduardo2022*, strConfirmPassword=Eduardo2022*, strVerify=Welcome to the world's largest community of freelance software testers!} [Given than I want to learn testing at the platform Utest [User open up [user opens the Open utest page]], When I enter my personal information in the registration form
| strName | strLastName | strEmail | strPassword | strConfirmPassword |
| Eduardo | Rincón | edorincon@gmail.com | Eduardo2022* | Eduardo2022* | [User join today [user clicks on Button the registration, user enters 'Eduardo' into write the name, user enters 'Rincón' into write the last name, user enters 'edorincon@gmail.com' into write the email]]]
[Test worker] WARN net.thucydides.core.steps.BaseStepListener - stepStarted: net.thucydides.core.steps.ExecutedStepDescription@2ddede6
[Test worker] WARN net.thucydides.core.steps.BaseStepListener - stepFinished: current outcome:Fill my personal information to create an account:Example: {strName=Eduardo, strLastName=Rincón, strEmail=edorincon@gmail.com, strPassword=Eduardo2022*, strConfirmPassword=Eduardo2022*, strVerify=Welcome to the world's largest community of freelance software testers!} [Given than I want to learn testing at the platform Utest [User open up [user opens the Open utest page]], When I enter my personal information in the registration form
| strName | strLastName | strEmail | strPassword | strConfirmPassword |
| Eduardo | Rincón | edorincon@gmail.com | Eduardo2022* | Eduardo2022* | [User join today [user clicks on Button the registration, user enters 'Eduardo' into write the name, user enters 'Rincón' into write the last name, user enters 'edorincon@gmail.com' into write the email, user clicks on write the month]]]
[Test worker] WARN net.thucydides.core.steps.BaseStepListener - stepStarted: net.thucydides.core.steps.ExecutedStepDescription@6131b44a
[Test worker] WARN net.thucydides.core.steps.BaseStepListener - stepFinished: current outcome:Fill my personal information to create an account:Example: {strName=Eduardo, strLastName=Rincón, strEmail=edorincon@gmail.com, strPassword=Eduardo2022*, strConfirmPassword=Eduardo2022*, strVerify=Welcome to the world's largest community of freelance software testers!} [Given than I want to learn testing at the platform Utest [User open up [user opens the Open utest page]], When I enter my personal information in the registration form
| strName | strLastName | strEmail | strPassword | strConfirmPassword |
| Eduardo | Rincón | edorincon@gmail.com | Eduardo2022* | Eduardo2022* | [User join today [user clicks on Button the registration, user enters 'Eduardo' into write the name, user enters 'Rincón' into write the last name, user enters 'edorincon@gmail.com' into write the email, user clicks on write the month, user clicks on write the day]]]
[Test worker] WARN net.thucydides.core.steps.BaseStepListener - stepStarted: net.thucydides.core.steps.ExecutedStepDescription@117ef252
[Test worker] WARN net.thucydides.core.steps.BaseStepListener - stepFinished: current outcome:Fill my personal information to create an account:Example: {strName=Eduardo, strLastName=Rincón, strEmail=edorincon@gmail.com, strPassword=Eduardo2022*, strConfirmPassword=Eduardo2022*, strVerify=Welcome to the world's largest community of freelance software testers!} [Given than I want to learn testing at the platform Utest [User open up [user opens the Open utest page]], When I enter my personal information in the registration form
| strName | strLastName | strEmail | strPassword | strConfirmPassword |
| Eduardo | Rincón | edorincon@gmail.com | Eduardo2022* | Eduardo2022* | [User join today [user clicks on Button the registration, user enters 'Eduardo' into write the name, user enters 'Rincón' into write the last name, user enters 'edorincon@gmail.com' into write the email, user clicks on write the month, user clicks on write the day, user clicks on write the year]]]
[Test worker] WARN net.thucydides.core.steps.BaseStepListener - stepStarted: net.thucydides.core.steps.ExecutedStepDescription@21107a0a
[Test worker] WARN net.thucydides.core.steps.BaseStepListener - stepFinished: current outcome:Fill my personal information to create an account:Example: {strName=Eduardo, strLastName=Rincón, strEmail=edorincon@gmail.com, strPassword=Eduardo2022*, strConfirmPassword=Eduardo2022*, strVerify=Welcome to the world's largest community of freelance software testers!} [Given than I want to learn testing at the platform Utest [User open up [user opens the Open utest page]], When I enter my personal information in the registration form
| strName | strLastName | strEmail | strPassword | strConfirmPassword |
| Eduardo | Rincón | edorincon@gmail.com | Eduardo2022* | Eduardo2022* | [User join today [user clicks on Button the registration, user enters 'Eduardo' into write the name, user enters 'Rincón' into write the last name, user enters 'edorincon@gmail.com' into write the email, user clicks on write the month, user clicks on write the day, user clicks on write the year, user clicks on click en next location]]]
[Test worker] WARN net.thucydides.core.steps.BaseStepListener - stepStarted: net.thucydides.core.steps.ExecutedStepDescription@368f662f
[Test worker] WARN net.thucydides.core.steps.BaseStepListener - stepFinished: current outcome:Fill my personal information to create an account:Example: {strName=Eduardo, strLastName=Rincón, strEmail=edorincon@gmail.com, strPassword=Eduardo2022*, strConfirmPassword=Eduardo2022*, strVerify=Welcome to the world's largest community of freelance software testers!} [Given than I want to learn testing at the platform Utest [User open up [user opens the Open utest page]], When I enter my personal information in the registration form
| strName | strLastName | strEmail | strPassword | strConfirmPassword |
| Eduardo | Rincón | edorincon@gmail.com | Eduardo2022* | Eduardo2022* | [User join today [user clicks on Button the registration, user enters 'Eduardo' into write the name, user enters 'Rincón' into write the last name, user enters 'edorincon@gmail.com' into write the email, user clicks on write the month, user clicks on write the day, user clicks on write the year, user clicks on click en next location, user clicks on click en next devices]]]
[Test worker] WARN net.thucydides.core.steps.BaseStepListener - stepStarted: net.thucydides.core.steps.ExecutedStepDescription@42b7f5e4
[Test worker] WARN net.thucydides.core.steps.BaseStepListener - stepStarted: net.thucydides.core.steps.ExecutedStepDescription@5273596a
[Test worker] WARN net.thucydides.core.steps.BaseStepListener - testFinished: Fill my personal information to create an account:Example: {strName=Eduardo, strLastName=Rincón, strEmail=edorincon@gmail.com, strPassword=Eduardo2022*, strConfirmPassword=Eduardo2022*, strVerify=Welcome to the world's largest community of freelance software testers!} [Given than I want to learn testing at the platform Utest [User open up [user opens the Open utest page]], When I enter my personal information in the registration form
| strName | strLastName | strEmail | strPassword | strConfirmPassword |
| Eduardo | Rincón | edorincon@gmail.com | Eduardo2022* | Eduardo2022* | [User join today [user clicks on Button the registration, user enters 'Eduardo' into write the name, user enters 'Rincón' into write the last name, user enters 'edorincon@gmail.com' into write the email, user clicks on write the month, user clicks on write the day, user clicks on write the year, user clicks on click en next location, user clicks on click en next devices, user clicks on select the SO]]], Then I expect to receive a message confirming the creation of my account
| strVerify |
| Welcome to the world's largest community of freelance software testers! |
[Test worker] WARN net.thucydides.core.steps.BaseStepListener - TestOutcomes: [Fill my personal information to create an account:Example: {strName=Eduardo, strLastName=Rincón, strEmail=edorincon@gmail.com, strPassword=Eduardo2022*, strConfirmPassword=Eduardo2022*, strVerify=Welcome to the world's largest community of freelance software testers!} [Given than I want to learn testing at the platform Utest [User open up [user opens the Open utest page]], When I enter my personal information in the registration form
| strName | strLastName | strEmail | strPassword | strConfirmPassword |
| Eduardo | Rincón | edorincon@gmail.com | Eduardo2022* | Eduardo2022* | [User join today [user clicks on Button the registration, user enters 'Eduardo' into write the name, user enters 'Rincón' into write the last name, user enters 'edorincon@gmail.com' into write the email, user clicks on write the month, user clicks on write the day, user clicks on write the year, user clicks on click en next location, user clicks on click en next devices, user clicks on select the SO]]], Then I expect to receive a message confirming the creation of my account
| strVerify |
| Welcome to the world's largest community of freelance software testers! |]
[Test worker] WARN net.thucydides.core.steps.BaseStepListener - Final testOutcomes: [Fill my personal information to create an account:Example: {strName=Eduardo, strLastName=Rincón, strEmail=edorincon@gmail.com, strPassword=Eduardo2022*, strConfirmPassword=Eduardo2022*, strVerify=Welcome to the world's largest community of freelance software testers!} [Given than I want to learn testing at the platform Utest [User open up [user opens the Open utest page]], When I enter my personal information in the registration form
| strName | strLastName | strEmail | strPassword | strConfirmPassword |
| Eduardo | Rincón | edorincon@gmail.com | Eduardo2022* | Eduardo2022* | [User join today [user clicks on Button the registration, user enters 'Eduardo' into write the name, user enters 'Rincón' into write the last name, user enters 'edorincon@gmail.com' into write the email, user clicks on write the month, user clicks on write the day, user clicks on write the year, user clicks on click en next location, user clicks on click en next devices, user clicks on select the SO]]], Then I expect to receive a message confirming the creation of my account
| strVerify |
| Welcome to the world's largest community of freelance software testers! |]
[Test worker] ERROR net.thucydides.core.steps.ConsoleLoggingListener - 
           __  _____ _____ ____ _____   _____ _    ___ _     _____ ____  
  _       / / |_   _| ____/ ___|_   _| |  ___/ \  |_ _| |   | ____|  _ \ 
 (_)_____| |    | | |  _| \___ \ | |   | |_ / _ \  | || |   |  _| | | | |
  _|_____| |    | | | |___ ___) || |   |  _/ ___ \ | || |___| |___| |_| |
 (_)     | |    |_| |_____|____/ |_|   |_|/_/   \_\___|_____|_____|____/ 
          \_\                                                            

TEST FAILED: Fill my personal information to create an account
--------------------------------------------------------------------------
[Test worker] ERROR net.thucydides.core.steps.ConsoleLoggingListener - TEST FAILED AT STEP user clicks on select the SO
[Test worker] ERROR net.thucydides.core.steps.ConsoleLoggingListener - Expected enabled element was not enabled
]]></system-err>
</testsuite>
