{"name":"Fill my personal information to create an account","id":"sign-up-to-utest.com-platform;fill-my-personal-information-to-create-an-account","testSteps":[{"number":1,"description":"Example: {strName\u003dEduardo, strLastName\u003dRinc贸n, strEmail\u003dedorincon@gmail.com, strPassword\u003dEduardo2022*, strConfirmPassword\u003dEduardo2022*, strVerify\u003dWelcome to the world\u0027s largest community of freelance software testers!}","duration":38496,"startTime":"2022-10-23T21:39:40.330-05:00[America/Bogota]","exception":{"errorType":"net.thucydides.core.webdriver.exceptions.ElementShouldBeEnabledException","message":"Expected enabled element was not enabled","stackTrace":[{"declaringClass":"co.com.choucair.certification.utest.tasks.JoinToday","methodName":"performAs","fileName":"JoinToday.java","lineNumber":32},{"declaringClass":"co.com.choucair.certification.utest.stepdefinitions.UtestStepDefinition","methodName":"iEnterMyPersonalInformationInTheRegistrationForm","fileName":"UtestStepDefinition.java","lineNumber":32},{"declaringClass":"cucumber.runner.Runner","methodName":"runPickle","fileName":"Runner.java","lineNumber":80}],"rootCause":{"errorType":"org.openqa.selenium.TimeoutException","message":"Expected condition failed: waiting for By.xpath: /html/body/ui-view/main/section/div/div[2]/div/div[2]/div/div[1]/div[3]/div[1]/div[1]/div[2]/div/div[1]/span to be enabled (tried for 5 second(s) with 100 milliseconds interval)","stackTrace":[{"declaringClass":"co.com.choucair.certification.utest.tasks.JoinToday","methodName":"performAs","fileName":"JoinToday.java","lineNumber":32},{"declaringClass":"co.com.choucair.certification.utest.stepdefinitions.UtestStepDefinition","methodName":"iEnterMyPersonalInformationInTheRegistrationForm","fileName":"UtestStepDefinition.java","lineNumber":32},{"declaringClass":"cucumber.runner.Runner","methodName":"runPickle","fileName":"Runner.java","lineNumber":80}],"rootCause":{"errorType":"org.openqa.selenium.NoSuchElementException","message":"no such element: Unable to locate element: {\"method\":\"xpath\",\"selector\":\"/html/body/ui-view/main/section/div/div[2]/div/div[2]/div/div[1]/div[3]/div[1]/div[1]/div[2]/div/div[1]/span\"}\n  (Session info: chrome\u003d106.0.5249.119)\nFor documentation on this error, please visit: https://www.seleniumhq.org/exceptions/no_such_element.html\nBuild info: version: \u00273.141.59\u0027, revision: \u0027e82be7d358\u0027, time: \u00272018-11-14T08:17:03\u0027\nSystem info: host: \u0027DESKTOP-A3GMPVO\u0027, ip: \u0027192.168.101.4\u0027, os.name: \u0027Windows 10\u0027, os.arch: \u0027amd64\u0027, os.version: \u002710.0\u0027, java.version: \u00271.8.0_211\u0027\nDriver info: org.openqa.selenium.chrome.ChromeDriver\nCapabilities {acceptInsecureCerts: false, browserName: chrome, browserVersion: 106.0.5249.119, chrome: {chromedriverVersion: 106.0.5249.61 (511755355844..., userDataDir: C:\\Users\\PAULA\\AppData\\Loca...}, goog:chromeOptions: {debuggerAddress: localhost:53102}, javascriptEnabled: true, networkConnectionEnabled: false, pageLoadStrategy: normal, platform: WINDOWS, platformName: WINDOWS, proxy: Proxy(), setWindowRect: true, strictFileInteractability: false, timeouts: {implicit: 0, pageLoad: 300000, script: 30000}, unhandledPromptBehavior: dismiss and notify, webauthn:extension:credBlob: true, webauthn:extension:largeBlob: true, webauthn:virtualAuthenticators: true}\nSession ID: c1fad88dc593938da285889a2f4f1532\n*** Element info: {Using\u003dxpath, value\u003d/html/body/ui-view/main/section/div/div[2]/div/div[2]/div/div[1]/div[3]/div[1]/div[1]/div[2]/div/div[1]/span}","stackTrace":[{"declaringClass":"co.com.choucair.certification.utest.tasks.JoinToday","methodName":"performAs","fileName":"JoinToday.java","lineNumber":32},{"declaringClass":"co.com.choucair.certification.utest.stepdefinitions.UtestStepDefinition","methodName":"iEnterMyPersonalInformationInTheRegistrationForm","fileName":"UtestStepDefinition.java","lineNumber":32},{"declaringClass":"cucumber.runner.Runner","methodName":"runPickle","fileName":"Runner.java","lineNumber":80}]}}},"result":"FAILURE","precondition":false,"level":0,"lineNumber":0,"children":[{"number":2,"description":"Given than I want to learn testing at the platform Utest","duration":13928,"startTime":"2022-10-23T21:39:40.408-05:00[America/Bogota]","screenshots":[{"screenshot":"fe88801d59ac02c6d52aab2c66a2f0e7a78195ac84a233ea0865b324dfbde20d.png","timeStamp":1666579194336}],"result":"SUCCESS","precondition":false,"level":1,"lineNumber":0,"children":[{"number":3,"description":"User open up","duration":12987,"startTime":"2022-10-23T21:39:41.311-05:00[America/Bogota]","screenshots":[{"screenshot":"fe88801d59ac02c6d52aab2c66a2f0e7a78195ac84a233ea0865b324dfbde20d.png","timeStamp":1666579194298}],"result":"SUCCESS","precondition":false,"level":2,"lineNumber":0,"children":[{"number":4,"description":"user opens the Open utest page","duration":12428,"startTime":"2022-10-23T21:39:41.364-05:00[America/Bogota]","screenshots":[{"screenshot":"fe88801d59ac02c6d52aab2c66a2f0e7a78195ac84a233ea0865b324dfbde20d.png","timeStamp":1666579193791}],"result":"SUCCESS","precondition":false,"level":3,"lineNumber":0}]}]},{"number":5,"description":"When I enter my personal information in the registration form\r\n| strName | strLastName | strEmail | strPassword | strConfirmPassword |\r\n| Eduardo | Rinc贸n | edorincon@gmail.com | Eduardo2022* | Eduardo2022* |","duration":24454,"startTime":"2022-10-23T21:39:54.339-05:00[America/Bogota]","exception":{"errorType":"net.thucydides.core.webdriver.exceptions.ElementShouldBeEnabledException","message":"Expected enabled element was not enabled","stackTrace":[{"declaringClass":"co.com.choucair.certification.utest.tasks.JoinToday","methodName":"performAs","fileName":"JoinToday.java","lineNumber":32},{"declaringClass":"co.com.choucair.certification.utest.stepdefinitions.UtestStepDefinition","methodName":"iEnterMyPersonalInformationInTheRegistrationForm","fileName":"UtestStepDefinition.java","lineNumber":32},{"declaringClass":"cucumber.runner.Runner","methodName":"runPickle","fileName":"Runner.java","lineNumber":80}],"rootCause":{"errorType":"org.openqa.selenium.TimeoutException","message":"Expected condition failed: waiting for By.xpath: /html/body/ui-view/main/section/div/div[2]/div/div[2]/div/div[1]/div[3]/div[1]/div[1]/div[2]/div/div[1]/span to be enabled (tried for 5 second(s) with 100 milliseconds interval)","stackTrace":[{"declaringClass":"co.com.choucair.certification.utest.tasks.JoinToday","methodName":"performAs","fileName":"JoinToday.java","lineNumber":32},{"declaringClass":"co.com.choucair.certification.utest.stepdefinitions.UtestStepDefinition","methodName":"iEnterMyPersonalInformationInTheRegistrationForm","fileName":"UtestStepDefinition.java","lineNumber":32},{"declaringClass":"cucumber.runner.Runner","methodName":"runPickle","fileName":"Runner.java","lineNumber":80}],"rootCause":{"errorType":"org.openqa.selenium.NoSuchElementException","message":"no such element: Unable to locate element: {\"method\":\"xpath\",\"selector\":\"/html/body/ui-view/main/section/div/div[2]/div/div[2]/div/div[1]/div[3]/div[1]/div[1]/div[2]/div/div[1]/span\"}\n  (Session info: chrome\u003d106.0.5249.119)\nFor documentation on this error, please visit: https://www.seleniumhq.org/exceptions/no_such_element.html\nBuild info: version: \u00273.141.59\u0027, revision: \u0027e82be7d358\u0027, time: \u00272018-11-14T08:17:03\u0027\nSystem info: host: \u0027DESKTOP-A3GMPVO\u0027, ip: \u0027192.168.101.4\u0027, os.name: \u0027Windows 10\u0027, os.arch: \u0027amd64\u0027, os.version: \u002710.0\u0027, java.version: \u00271.8.0_211\u0027\nDriver info: org.openqa.selenium.chrome.ChromeDriver\nCapabilities {acceptInsecureCerts: false, browserName: chrome, browserVersion: 106.0.5249.119, chrome: {chromedriverVersion: 106.0.5249.61 (511755355844..., userDataDir: C:\\Users\\PAULA\\AppData\\Loca...}, goog:chromeOptions: {debuggerAddress: localhost:53102}, javascriptEnabled: true, networkConnectionEnabled: false, pageLoadStrategy: normal, platform: WINDOWS, platformName: WINDOWS, proxy: Proxy(), setWindowRect: true, strictFileInteractability: false, timeouts: {implicit: 0, pageLoad: 300000, script: 30000}, unhandledPromptBehavior: dismiss and notify, webauthn:extension:credBlob: true, webauthn:extension:largeBlob: true, webauthn:virtualAuthenticators: true}\nSession ID: c1fad88dc593938da285889a2f4f1532\n*** Element info: {Using\u003dxpath, value\u003d/html/body/ui-view/main/section/div/div[2]/div/div[2]/div/div[1]/div[3]/div[1]/div[1]/div[2]/div/div[1]/span}","stackTrace":[{"declaringClass":"co.com.choucair.certification.utest.tasks.JoinToday","methodName":"performAs","fileName":"JoinToday.java","lineNumber":32},{"declaringClass":"co.com.choucair.certification.utest.stepdefinitions.UtestStepDefinition","methodName":"iEnterMyPersonalInformationInTheRegistrationForm","fileName":"UtestStepDefinition.java","lineNumber":32},{"declaringClass":"cucumber.runner.Runner","methodName":"runPickle","fileName":"Runner.java","lineNumber":80}]}}},"result":"FAILURE","precondition":false,"level":1,"lineNumber":0,"children":[{"number":6,"description":"User join today","duration":24313,"startTime":"2022-10-23T21:39:54.443-05:00[America/Bogota]","exception":{"errorType":"net.thucydides.core.webdriver.exceptions.ElementShouldBeEnabledException","message":"Expected enabled element was not enabled","stackTrace":[{"declaringClass":"co.com.choucair.certification.utest.tasks.JoinToday","methodName":"performAs","fileName":"JoinToday.java","lineNumber":32},{"declaringClass":"co.com.choucair.certification.utest.stepdefinitions.UtestStepDefinition","methodName":"iEnterMyPersonalInformationInTheRegistrationForm","fileName":"UtestStepDefinition.java","lineNumber":32},{"declaringClass":"cucumber.runner.Runner","methodName":"runPickle","fileName":"Runner.java","lineNumber":80}],"rootCause":{"errorType":"org.openqa.selenium.TimeoutException","message":"Expected condition failed: waiting for By.xpath: /html/body/ui-view/main/section/div/div[2]/div/div[2]/div/div[1]/div[3]/div[1]/div[1]/div[2]/div/div[1]/span to be enabled (tried for 5 second(s) with 100 milliseconds interval)","stackTrace":[{"declaringClass":"co.com.choucair.certification.utest.tasks.JoinToday","methodName":"performAs","fileName":"JoinToday.java","lineNumber":32},{"declaringClass":"co.com.choucair.certification.utest.stepdefinitions.UtestStepDefinition","methodName":"iEnterMyPersonalInformationInTheRegistrationForm","fileName":"UtestStepDefinition.java","lineNumber":32},{"declaringClass":"cucumber.runner.Runner","methodName":"runPickle","fileName":"Runner.java","lineNumber":80}],"rootCause":{"errorType":"org.openqa.selenium.NoSuchElementException","message":"no such element: Unable to locate element: {\"method\":\"xpath\",\"selector\":\"/html/body/ui-view/main/section/div/div[2]/div/div[2]/div/div[1]/div[3]/div[1]/div[1]/div[2]/div/div[1]/span\"}\n  (Session info: chrome\u003d106.0.5249.119)\nFor documentation on this error, please visit: https://www.seleniumhq.org/exceptions/no_such_element.html\nBuild info: version: \u00273.141.59\u0027, revision: \u0027e82be7d358\u0027, time: \u00272018-11-14T08:17:03\u0027\nSystem info: host: \u0027DESKTOP-A3GMPVO\u0027, ip: \u0027192.168.101.4\u0027, os.name: \u0027Windows 10\u0027, os.arch: \u0027amd64\u0027, os.version: \u002710.0\u0027, java.version: \u00271.8.0_211\u0027\nDriver info: org.openqa.selenium.chrome.ChromeDriver\nCapabilities {acceptInsecureCerts: false, browserName: chrome, browserVersion: 106.0.5249.119, chrome: {chromedriverVersion: 106.0.5249.61 (511755355844..., userDataDir: C:\\Users\\PAULA\\AppData\\Loca...}, goog:chromeOptions: {debuggerAddress: localhost:53102}, javascriptEnabled: true, networkConnectionEnabled: false, pageLoadStrategy: normal, platform: WINDOWS, platformName: WINDOWS, proxy: Proxy(), setWindowRect: true, strictFileInteractability: false, timeouts: {implicit: 0, pageLoad: 300000, script: 30000}, unhandledPromptBehavior: dismiss and notify, webauthn:extension:credBlob: true, webauthn:extension:largeBlob: true, webauthn:virtualAuthenticators: true}\nSession ID: c1fad88dc593938da285889a2f4f1532\n*** Element info: {Using\u003dxpath, value\u003d/html/body/ui-view/main/section/div/div[2]/div/div[2]/div/div[1]/div[3]/div[1]/div[1]/div[2]/div/div[1]/span}","stackTrace":[{"declaringClass":"co.com.choucair.certification.utest.tasks.JoinToday","methodName":"performAs","fileName":"JoinToday.java","lineNumber":32},{"declaringClass":"co.com.choucair.certification.utest.stepdefinitions.UtestStepDefinition","methodName":"iEnterMyPersonalInformationInTheRegistrationForm","fileName":"UtestStepDefinition.java","lineNumber":32},{"declaringClass":"cucumber.runner.Runner","methodName":"runPickle","fileName":"Runner.java","lineNumber":80}]}}},"result":"FAILURE","precondition":false,"level":2,"lineNumber":0,"children":[{"number":7,"description":"user clicks on Button the registration","duration":1704,"startTime":"2022-10-23T21:39:54.839-05:00[America/Bogota]","screenshots":[{"screenshot":"d0ca87f5194f5a847cdc21c70748246365b75f6af2e83cf6f2277efe0de7d79d.png","timeStamp":1666579196543}],"result":"SUCCESS","precondition":false,"level":3,"lineNumber":0},{"number":8,"description":"user enters \u0027Eduardo\u0027 into write the name","duration":2316,"startTime":"2022-10-23T21:39:56.547-05:00[America/Bogota]","screenshots":[{"screenshot":"7d355a68623b2d2778dcc834b79c3e37cbc19a0448a00caf777d795344a608db.png","timeStamp":1666579198863}],"result":"SUCCESS","precondition":false,"level":3,"lineNumber":0},{"number":9,"description":"user enters \u0027Rinc贸n\u0027 into write the last name","duration":1741,"startTime":"2022-10-23T21:39:58.866-05:00[America/Bogota]","screenshots":[{"screenshot":"7cc49f7c50f3809817b17d1101c28fbef6dacf3224ca04298294d6dd8897a806.png","timeStamp":1666579200607}],"result":"SUCCESS","precondition":false,"level":3,"lineNumber":0},{"number":10,"description":"user enters \u0027edorincon@gmail.com\u0027 into write the email","duration":2188,"startTime":"2022-10-23T21:40:00.609-05:00[America/Bogota]","screenshots":[{"screenshot":"b86f9e9b9474de5b92552c609622cb59b4b13dc2de4defcc3c915e39c04713a6.png","timeStamp":1666579202797}],"result":"SUCCESS","precondition":false,"level":3,"lineNumber":0},{"number":11,"description":"user clicks on write the month","duration":784,"startTime":"2022-10-23T21:40:02.799-05:00[America/Bogota]","screenshots":[{"screenshot":"2c15a6702a254f4053382672ff940ae7e66f405243c3891ccdf0b7240580a367.png","timeStamp":1666579203583}],"result":"SUCCESS","precondition":false,"level":3,"lineNumber":0},{"number":12,"description":"user clicks on write the day","duration":786,"startTime":"2022-10-23T21:40:03.586-05:00[America/Bogota]","screenshots":[{"screenshot":"cde57a902f6b76392de3d0595728b4548ed7d72d64229d790d8cbec6e7ad9698.png","timeStamp":1666579204371}],"result":"SUCCESS","precondition":false,"level":3,"lineNumber":0},{"number":13,"description":"user clicks on write the year","duration":773,"startTime":"2022-10-23T21:40:04.374-05:00[America/Bogota]","screenshots":[{"screenshot":"855829eb89d661fac105da39f3cabb01412b90d4bbadec407245c48c8d8da583.png","timeStamp":1666579205147}],"result":"SUCCESS","precondition":false,"level":3,"lineNumber":0},{"number":14,"description":"user clicks on click en next location","duration":1105,"startTime":"2022-10-23T21:40:05.149-05:00[America/Bogota]","screenshots":[{"screenshot":"10b12313801466799ef9095d5b5b5a34c35982cd683711023424a7bdaeeded4c.png","timeStamp":1666579206254}],"result":"SUCCESS","precondition":false,"level":3,"lineNumber":0},{"number":15,"description":"user clicks on click en next devices","duration":1593,"startTime":"2022-10-23T21:40:06.256-05:00[America/Bogota]","screenshots":[{"screenshot":"fbc5eb87dd83ebbd8960a04829d4ffb21ead85505e05459e99367befcf28e94d.png","timeStamp":1666579207849}],"result":"SUCCESS","precondition":false,"level":3,"lineNumber":0},{"number":16,"description":"user clicks on select the SO","duration":10872,"startTime":"2022-10-23T21:40:07.852-05:00[America/Bogota]","screenshots":[{"screenshot":"fbc5eb87dd83ebbd8960a04829d4ffb21ead85505e05459e99367befcf28e94d.png","htmlSource":"pagesource7358751873327777851.html.txt","timeStamp":1666579218713}],"exception":{"errorType":"net.thucydides.core.webdriver.exceptions.ElementShouldBeEnabledException","message":"Expected enabled element was not enabled","stackTrace":[{"declaringClass":"co.com.choucair.certification.utest.tasks.JoinToday","methodName":"performAs","fileName":"JoinToday.java","lineNumber":32},{"declaringClass":"co.com.choucair.certification.utest.stepdefinitions.UtestStepDefinition","methodName":"iEnterMyPersonalInformationInTheRegistrationForm","fileName":"UtestStepDefinition.java","lineNumber":32},{"declaringClass":"cucumber.runner.Runner","methodName":"runPickle","fileName":"Runner.java","lineNumber":80}],"rootCause":{"errorType":"org.openqa.selenium.TimeoutException","message":"Expected condition failed: waiting for By.xpath: /html/body/ui-view/main/section/div/div[2]/div/div[2]/div/div[1]/div[3]/div[1]/div[1]/div[2]/div/div[1]/span to be enabled (tried for 5 second(s) with 100 milliseconds interval)","stackTrace":[{"declaringClass":"co.com.choucair.certification.utest.tasks.JoinToday","methodName":"performAs","fileName":"JoinToday.java","lineNumber":32},{"declaringClass":"co.com.choucair.certification.utest.stepdefinitions.UtestStepDefinition","methodName":"iEnterMyPersonalInformationInTheRegistrationForm","fileName":"UtestStepDefinition.java","lineNumber":32},{"declaringClass":"cucumber.runner.Runner","methodName":"runPickle","fileName":"Runner.java","lineNumber":80}],"rootCause":{"errorType":"org.openqa.selenium.NoSuchElementException","message":"no such element: Unable to locate element: {\"method\":\"xpath\",\"selector\":\"/html/body/ui-view/main/section/div/div[2]/div/div[2]/div/div[1]/div[3]/div[1]/div[1]/div[2]/div/div[1]/span\"}\n  (Session info: chrome\u003d106.0.5249.119)\nFor documentation on this error, please visit: https://www.seleniumhq.org/exceptions/no_such_element.html\nBuild info: version: \u00273.141.59\u0027, revision: \u0027e82be7d358\u0027, time: \u00272018-11-14T08:17:03\u0027\nSystem info: host: \u0027DESKTOP-A3GMPVO\u0027, ip: \u0027192.168.101.4\u0027, os.name: \u0027Windows 10\u0027, os.arch: \u0027amd64\u0027, os.version: \u002710.0\u0027, java.version: \u00271.8.0_211\u0027\nDriver info: org.openqa.selenium.chrome.ChromeDriver\nCapabilities {acceptInsecureCerts: false, browserName: chrome, browserVersion: 106.0.5249.119, chrome: {chromedriverVersion: 106.0.5249.61 (511755355844..., userDataDir: C:\\Users\\PAULA\\AppData\\Loca...}, goog:chromeOptions: {debuggerAddress: localhost:53102}, javascriptEnabled: true, networkConnectionEnabled: false, pageLoadStrategy: normal, platform: WINDOWS, platformName: WINDOWS, proxy: Proxy(), setWindowRect: true, strictFileInteractability: false, timeouts: {implicit: 0, pageLoad: 300000, script: 30000}, unhandledPromptBehavior: dismiss and notify, webauthn:extension:credBlob: true, webauthn:extension:largeBlob: true, webauthn:virtualAuthenticators: true}\nSession ID: c1fad88dc593938da285889a2f4f1532\n*** Element info: {Using\u003dxpath, value\u003d/html/body/ui-view/main/section/div/div[2]/div/div[2]/div/div[1]/div[3]/div[1]/div[1]/div[2]/div/div[1]/span}","stackTrace":[{"declaringClass":"co.com.choucair.certification.utest.tasks.JoinToday","methodName":"performAs","fileName":"JoinToday.java","lineNumber":32},{"declaringClass":"co.com.choucair.certification.utest.stepdefinitions.UtestStepDefinition","methodName":"iEnterMyPersonalInformationInTheRegistrationForm","fileName":"UtestStepDefinition.java","lineNumber":32},{"declaringClass":"cucumber.runner.Runner","methodName":"runPickle","fileName":"Runner.java","lineNumber":80}]}}},"result":"FAILURE","precondition":false,"level":3,"lineNumber":0}]}]}]},{"number":17,"description":"Then I expect to receive a message confirming the creation of my account\r\n| strVerify |\r\n| Welcome to the world\u0027s largest community of freelance software testers! |","duration":6,"startTime":"2022-10-23T21:40:18.851-05:00[America/Bogota]","result":"SKIPPED","precondition":false,"level":0,"lineNumber":0}],"userStory":{"id":"sign-up-to-utest.com-platform","storyName":"Sign up to Utest.com platform","path":"src/test/resources/features/uTest.feature","narrative":"  As a user, I want to create an account to learn with the courses in the platform","type":"feature"},"featureTag":{"name":"Features/Sign up to Utest.com platform","type":"feature","displayName":"Features/Sign up to Utest.com platform"},"title":"Fill my personal information to create an account","tags":[{"name":"scenario1","type":"tag","displayName":"scenario1"},{"name":"stories","type":"tag","displayName":"stories"},{"name":"Sign up to Utest.com platform","type":"feature","displayName":"Sign up to Utest.com platform"}],"startTime":"2022-10-23T21:39:40.067-05:00[America/Bogota]","duration":39658,"testFailureCause":{"errorType":"net.thucydides.core.webdriver.exceptions.ElementShouldBeEnabledException","message":"Expected enabled element was not enabled","stackTrace":[{"declaringClass":"co.com.choucair.certification.utest.tasks.JoinToday","methodName":"performAs","fileName":"JoinToday.java","lineNumber":32},{"declaringClass":"co.com.choucair.certification.utest.stepdefinitions.UtestStepDefinition","methodName":"iEnterMyPersonalInformationInTheRegistrationForm","fileName":"UtestStepDefinition.java","lineNumber":32},{"declaringClass":"cucumber.runner.Runner","methodName":"runPickle","fileName":"Runner.java","lineNumber":80}],"rootCause":{"errorType":"org.openqa.selenium.TimeoutException","message":"Expected condition failed: waiting for By.xpath: /html/body/ui-view/main/section/div/div[2]/div/div[2]/div/div[1]/div[3]/div[1]/div[1]/div[2]/div/div[1]/span to be enabled (tried for 5 second(s) with 100 milliseconds interval)","stackTrace":[{"declaringClass":"co.com.choucair.certification.utest.tasks.JoinToday","methodName":"performAs","fileName":"JoinToday.java","lineNumber":32},{"declaringClass":"co.com.choucair.certification.utest.stepdefinitions.UtestStepDefinition","methodName":"iEnterMyPersonalInformationInTheRegistrationForm","fileName":"UtestStepDefinition.java","lineNumber":32},{"declaringClass":"cucumber.runner.Runner","methodName":"runPickle","fileName":"Runner.java","lineNumber":80}],"rootCause":{"errorType":"org.openqa.selenium.NoSuchElementException","message":"no such element: Unable to locate element: {\"method\":\"xpath\",\"selector\":\"/html/body/ui-view/main/section/div/div[2]/div/div[2]/div/div[1]/div[3]/div[1]/div[1]/div[2]/div/div[1]/span\"}\n  (Session info: chrome\u003d106.0.5249.119)\nFor documentation on this error, please visit: https://www.seleniumhq.org/exceptions/no_such_element.html\nBuild info: version: \u00273.141.59\u0027, revision: \u0027e82be7d358\u0027, time: \u00272018-11-14T08:17:03\u0027\nSystem info: host: \u0027DESKTOP-A3GMPVO\u0027, ip: \u0027192.168.101.4\u0027, os.name: \u0027Windows 10\u0027, os.arch: \u0027amd64\u0027, os.version: \u002710.0\u0027, java.version: \u00271.8.0_211\u0027\nDriver info: org.openqa.selenium.chrome.ChromeDriver\nCapabilities {acceptInsecureCerts: false, browserName: chrome, browserVersion: 106.0.5249.119, chrome: {chromedriverVersion: 106.0.5249.61 (511755355844..., userDataDir: C:\\Users\\PAULA\\AppData\\Loca...}, goog:chromeOptions: {debuggerAddress: localhost:53102}, javascriptEnabled: true, networkConnectionEnabled: false, pageLoadStrategy: normal, platform: WINDOWS, platformName: WINDOWS, proxy: Proxy(), setWindowRect: true, strictFileInteractability: false, timeouts: {implicit: 0, pageLoad: 300000, script: 30000}, unhandledPromptBehavior: dismiss and notify, webauthn:extension:credBlob: true, webauthn:extension:largeBlob: true, webauthn:virtualAuthenticators: true}\nSession ID: c1fad88dc593938da285889a2f4f1532\n*** Element info: {Using\u003dxpath, value\u003d/html/body/ui-view/main/section/div/div[2]/div/div[2]/div/div[1]/div[3]/div[1]/div[1]/div[2]/div/div[1]/span}","stackTrace":[{"declaringClass":"co.com.choucair.certification.utest.tasks.JoinToday","methodName":"performAs","fileName":"JoinToday.java","lineNumber":32},{"declaringClass":"co.com.choucair.certification.utest.stepdefinitions.UtestStepDefinition","methodName":"iEnterMyPersonalInformationInTheRegistrationForm","fileName":"UtestStepDefinition.java","lineNumber":32},{"declaringClass":"cucumber.runner.Runner","methodName":"runPickle","fileName":"Runner.java","lineNumber":80}]}}},"testFailureClassname":"net.thucydides.core.webdriver.exceptions.ElementShouldBeEnabledException","testFailureMessage":"Expected enabled element was not enabled","testFailureSummary":"FAILURE;net.thucydides.core.webdriver.exceptions.ElementShouldBeEnabledException;Expected enabled element was not enabled;JoinToday.java","projectKey":"","annotatedResult":"FAILURE","isManualTestingUpToDate":false,"dataTable":{"headers":["strName","strLastName","strEmail","strPassword","strConfirmPassword","strVerify"],"rows":[{"values":["Eduardo","Rinc贸n","edorincon@gmail.com","Eduardo2022*","Eduardo2022*","Welcome to the world\u0027s largest community of freelance software testers!"],"lineNumber":17,"result":"FAILURE"}],"predefinedRows":true,"scenarioOutline":"Given than I want to learn testing at the platform Utest\n\rWhen I enter my personal information in the registration form\n\rThen I expect to receive a message confirming the creation of my account\n\r","dataSetDescriptors":[{"startRow":0,"rowCount":0,"name":""}],"lineNumbersForEachRow":{"0":17}},"manual":false,"testSource":"Cucumber","actors":[{"name":"user","can":["browse the web"]}],"result":"FAILURE","scenarioOutline":"Given than I want to learn testing at the platform Utest\r\nWhen I enter my personal information in the registration form\r\n|strName | strLastName | strEmail | strPassword | strConfirmPassword|\r\n|\u003cstrName\u003e | \u003cstrLastName\u003e | \u003cstrEmail\u003e | \u003cstrPassword\u003e | \u003cstrConfirmPassword\u003e|\r\nThen I expect to receive a message confirming the creation of my account\r\n|strVerify|\r\n|\u003cstrVerify\u003e|"}