<?xml version="1.0" encoding="UTF-8"?><testsuite errors="0" failures="1" name="Sign up to Utest.com platform" skipped="0" tests="1" time="39.66" timestamp="2022-10-23 09:39:40"><testcase name="Fill my personal information to create an account"><failure message="Expected enabled element was not enabled" type="net.thucydides.core.webdriver.exceptions.ElementShouldBeEnabledException">Expected enabled element was not enabled</failure><system-err>Expected enabled element was not enabled&#13;
co.com.choucair.certification.utest.tasks.JoinToday.performAs(JoinToday.java:32)&#13;
co.com.choucair.certification.utest.stepdefinitions.UtestStepDefinition.iEnterMyPersonalInformationInTheRegistrationForm(UtestStepDefinition.java:32)&#13;
cucumber.runner.Runner.runPickle(Runner.java:80)&#13;
</system-err></testcase></testsuite>